<?xml version="1.0" encoding="UTF-8"?>
<!-- Generated by org.testng.reporters.JUnitReportReporter -->
<testsuite hostname="Frings-PC" name="test.Test99GuruLogin" tests="1" failures="0" timestamp="7 Feb 2015 10:30:27 GMT" time="2.937" errors="0">
  <testcase name="test_Home_Page_Appear_Correct" time="2.937" classname="test.Test99GuruLogin"/>
</testsuite> <!-- test.Test99GuruLogin -->
