<?xml version="1.0" encoding="UTF-8"?>
<!-- Generated by org.testng.reporters.JUnitReportReporter -->
<testsuite hostname="Frings-PC" name="test.NoPOMTestAutoQALogin" tests="1" failures="0" timestamp="7 Feb 2015 10:31:44 GMT" time="16.219" errors="0">
  <testcase name="test_Home_Page_Appear_Correct" time="16.219" classname="test.NoPOMTestAutoQALogin"/>
</testsuite> <!-- test.NoPOMTestAutoQALogin -->
