<?xml version="1.0" encoding="UTF-8"?>
<!-- Generated by org.testng.reporters.JUnitReportReporter -->
<testsuite hostname="Frings-PC" name="test.TestAutoQALoginWithPageFactory" tests="1" failures="0" timestamp="7 Feb 2015 14:27:52 GMT" time="8.644" errors="0">
  <testcase name="test_Home_Page_Appear_Correct" time="8.644" classname="test.TestAutoQALoginWithPageFactory"/>
</testsuite> <!-- test.TestAutoQALoginWithPageFactory -->
