<?xml version="1.0" encoding="UTF-8"?>
<!-- Generated by org.testng.reporters.JUnitReportReporter -->
<testsuite hostname="Frings-PC" name="test.Test99GuruLoginWithPageFactory" tests="1" failures="0" timestamp="7 Feb 2015 10:29:47 GMT" time="3.263" errors="0">
  <testcase name="test_Home_Page_Appear_Correct" time="3.263" classname="test.Test99GuruLoginWithPageFactory"/>
</testsuite> <!-- test.Test99GuruLoginWithPageFactory -->
