<?xml version="1.0" encoding="UTF-8"?>
<!-- Generated by org.testng.reporters.JUnitReportReporter -->
<testsuite hostname="Frings-PC" name="test.NoPOMTest99GuruLogin" tests="1" failures="0" timestamp="7 Feb 2015 10:21:26 GMT" time="19.543" errors="0">
  <testcase name="test_Home_Page_Appear_Correct" time="19.543" classname="test.NoPOMTest99GuruLogin"/>
</testsuite> <!-- test.NoPOMTest99GuruLogin -->
