<?xml version="1.0" encoding="UTF-8"?>
<!-- Generated by org.testng.reporters.JUnitReportReporter -->
<testsuite hostname="Frings-PC" name="test.TestAutoQALogin" tests="1" failures="0" timestamp="7 Feb 2015 10:32:21 GMT" time="4.414" errors="0">
  <testcase name="test_Home_Page_Appear_Correct" time="4.414" classname="test.TestAutoQALogin"/>
</testsuite> <!-- test.TestAutoQALogin -->
